2023-04-17 05:26:56 - [main] INFO  c.l.l.LiuStationSpringApplication - Starting LiuStationSpringApplication using Java 17.0.6 with PID 20000 (D:\Lrl_0213\Project\AWSDemo\test\09\aws-infra\liu-station-spring\target\classes started by liuru in D:\Lrl_0213\Project\AWSDemo\test\09\aws-infra\liu-station-spring)
2023-04-17 05:26:56 - [main] INFO  c.l.l.LiuStationSpringApplication - No active profile set, falling back to 1 default profile: "default"
2023-04-17 05:26:57 - [main] INFO  o.s.d.r.c.RepositoryConfigurationDelegate - Bootstrapping Spring Data JPA repositories in DEFAULT mode.
2023-04-17 05:26:57 - [main] INFO  o.s.d.r.c.RepositoryConfigurationDelegate - Finished Spring Data repository scanning in 14 ms. Found 0 JPA repository interfaces.
2023-04-17 05:26:57 - [main] WARN  o.s.b.w.s.c.AnnotationConfigServletWebServerApplicationContext - Exception encountered during context initialization - cancelling refresh attempt: org.springframework.context.ApplicationContextException: Unable to start web server
2023-04-17 05:26:57 - [main] INFO  o.s.b.a.l.ConditionEvaluationReportLogger - 

Error starting ApplicationContext. To display the condition evaluation report re-run your application with 'debug' enabled.
2023-04-17 05:26:57 - [main] ERROR o.s.boot.SpringApplication - Application run failed
org.springframework.context.ApplicationContextException: Unable to start web server
	at org.springframework.boot.web.servlet.context.ServletWebServerApplicationContext.onRefresh(ServletWebServerApplicationContext.java:164)
	at org.springframework.context.support.AbstractApplicationContext.refresh(AbstractApplicationContext.java:578)
	at org.springframework.boot.web.servlet.context.ServletWebServerApplicationContext.refresh(ServletWebServerApplicationContext.java:146)
	at org.springframework.boot.SpringApplication.refresh(SpringApplication.java:730)
	at org.springframework.boot.SpringApplication.refreshContext(SpringApplication.java:432)
	at org.springframework.boot.SpringApplication.run(SpringApplication.java:308)
	at org.springframework.boot.SpringApplication.run(SpringApplication.java:1302)
	at org.springframework.boot.SpringApplication.run(SpringApplication.java:1291)
	at com.lrl.liustationspring.LiuStationSpringApplication.main(LiuStationSpringApplication.java:14)
Caused by: org.springframework.boot.web.server.WebServerException: Could not load key store 'classpath:ssl/springboot.p12'
	at org.springframework.boot.web.embedded.tomcat.SslConnectorCustomizer.configureSslKeyStore(SslConnectorCustomizer.java:154)
	at org.springframework.boot.web.embedded.tomcat.SslConnectorCustomizer.configureSsl(SslConnectorCustomizer.java:103)
	at org.springframework.boot.web.embedded.tomcat.SslConnectorCustomizer.customize(SslConnectorCustomizer.java:61)
	at org.springframework.boot.web.embedded.tomcat.TomcatServletWebServerFactory.customizeSsl(TomcatServletWebServerFactory.java:364)
	at org.springframework.boot.web.embedded.tomcat.TomcatServletWebServerFactory.customizeConnector(TomcatServletWebServerFactory.java:342)
	at org.springframework.boot.web.embedded.tomcat.TomcatServletWebServerFactory.getWebServer(TomcatServletWebServerFactory.java:202)
	at org.springframework.boot.web.servlet.context.ServletWebServerApplicationContext.createWebServer(ServletWebServerApplicationContext.java:183)
	at org.springframework.boot.web.servlet.context.ServletWebServerApplicationContext.onRefresh(ServletWebServerApplicationContext.java:161)
	... 8 common frames omitted
Caused by: java.io.FileNotFoundException: class path resource [ssl/springboot.p12] cannot be resolved to URL because it does not exist
	at org.springframework.util.ResourceUtils.getURL(ResourceUtils.java:137)
	at org.springframework.boot.web.embedded.tomcat.SslConnectorCustomizer.configureSslKeyStore(SslConnectorCustomizer.java:151)
	... 15 common frames omitted
2023-04-17 05:27:40 - [main] INFO  c.l.l.LiuStationSpringApplication - Starting LiuStationSpringApplication using Java 17.0.6 with PID 24124 (D:\Lrl_0213\Project\AWSDemo\test\09\aws-infra\liu-station-spring\target\classes started by liuru in D:\Lrl_0213\Project\AWSDemo\test\09\aws-infra\liu-station-spring)
2023-04-17 05:27:40 - [main] INFO  c.l.l.LiuStationSpringApplication - No active profile set, falling back to 1 default profile: "default"
2023-04-17 05:27:40 - [main] INFO  o.s.d.r.c.RepositoryConfigurationDelegate - Bootstrapping Spring Data JPA repositories in DEFAULT mode.
2023-04-17 05:27:40 - [main] INFO  o.s.d.r.c.RepositoryConfigurationDelegate - Finished Spring Data repository scanning in 10 ms. Found 0 JPA repository interfaces.
2023-04-17 05:27:41 - [main] INFO  o.s.b.w.e.tomcat.TomcatWebServer - Tomcat initialized with port(s): 8443 (https)
2023-04-17 05:27:41 - [main] INFO  o.a.coyote.http11.Http11NioProtocol - Initializing ProtocolHandler ["https-jsse-nio-8443"]
2023-04-17 05:27:41 - [main] INFO  o.a.catalina.core.StandardService - Starting service [Tomcat]
2023-04-17 05:27:41 - [main] INFO  o.a.catalina.core.StandardEngine - Starting Servlet engine: [Apache Tomcat/10.1.5]
2023-04-17 05:27:41 - [main] INFO  o.a.c.c.C.[Tomcat].[localhost].[/] - Initializing Spring embedded WebApplicationContext
2023-04-17 05:27:41 - [main] INFO  o.s.b.w.s.c.ServletWebServerApplicationContext - Root WebApplicationContext: initialization completed in 868 ms
2023-04-17 05:27:41 - [main] INFO  com.zaxxer.hikari.HikariDataSource - HikariPool-1 - Starting...
2023-04-17 05:27:41 - [main] INFO  com.zaxxer.hikari.pool.HikariPool - HikariPool-1 - Added connection com.mysql.cj.jdbc.ConnectionImpl@4a1a412e
2023-04-17 05:27:41 - [main] INFO  com.zaxxer.hikari.HikariDataSource - HikariPool-1 - Start completed.
2023-04-17 05:27:41 - [main] INFO  o.h.jpa.internal.util.LogHelper - HHH000204: Processing PersistenceUnitInfo [name: default]
2023-04-17 05:27:41 - [main] INFO  org.hibernate.Version - HHH000412: Hibernate ORM core version 6.1.6.Final
2023-04-17 05:27:41 - [main] WARN  org.hibernate.orm.deprecation - HHH90000021: Encountered deprecated setting [javax.persistence.sharedCache.mode], use [jakarta.persistence.sharedCache.mode] instead
2023-04-17 05:27:41 - [main] INFO  SQL dialect - HHH000400: Using dialect: org.hibernate.dialect.MySQLDialect
2023-04-17 05:27:42 - [main] INFO  o.h.e.t.j.p.i.JtaPlatformInitiator - HHH000490: Using JtaPlatform implementation: [org.hibernate.engine.transaction.jta.platform.internal.NoJtaPlatform]
2023-04-17 05:27:42 - [main] INFO  o.s.o.j.LocalContainerEntityManagerFactoryBean - Initialized JPA EntityManagerFactory for persistence unit 'default'
2023-04-17 05:27:42 - [main] WARN  o.s.b.a.o.j.JpaBaseConfiguration$JpaWebConfiguration - spring.jpa.open-in-view is enabled by default. Therefore, database queries may be performed during view rendering. Explicitly configure spring.jpa.open-in-view to disable this warning
2023-04-17 05:27:42 - [main] WARN  o.s.b.a.s.s.UserDetailsServiceAutoConfiguration - 

Using generated security password: b54f8318-9928-4e9a-9ed0-9b62dcf70350

This generated password is for development use only. Your security configuration must be updated before running your application in production.

2023-04-17 05:27:42 - [main] WARN  o.s.b.w.s.c.AnnotationConfigServletWebServerApplicationContext - Exception encountered during context initialization - cancelling refresh attempt: org.springframework.beans.factory.UnsatisfiedDependencyException: Error creating bean with name 'filterChain' defined in class path resource [com/lrl/liustationspring/config/SecurityConfig.class]: Unsatisfied dependency expressed through method 'filterChain' parameter 0: Error creating bean with name 'org.springframework.security.config.annotation.web.configuration.HttpSecurityConfiguration.httpSecurity' defined in class path resource [org/springframework/security/config/annotation/web/configuration/HttpSecurityConfiguration.class]: Failed to instantiate [org.springframework.security.config.annotation.web.builders.HttpSecurity]: Factory method 'httpSecurity' threw exception with message: org/springframework/security/core/context/DeferredSecurityContext
2023-04-17 05:27:42 - [main] INFO  o.s.o.j.LocalContainerEntityManagerFactoryBean - Closing JPA EntityManagerFactory for persistence unit 'default'
2023-04-17 05:27:42 - [main] INFO  com.zaxxer.hikari.HikariDataSource - HikariPool-1 - Shutdown initiated...
2023-04-17 05:27:42 - [main] INFO  com.zaxxer.hikari.HikariDataSource - HikariPool-1 - Shutdown completed.
2023-04-17 05:27:42 - [main] INFO  o.a.catalina.core.StandardService - Stopping service [Tomcat]
2023-04-17 05:27:42 - [main] INFO  o.s.b.a.l.ConditionEvaluationReportLogger - 

Error starting ApplicationContext. To display the condition evaluation report re-run your application with 'debug' enabled.
2023-04-17 05:27:42 - [main] ERROR o.s.boot.SpringApplication - Application run failed
org.springframework.beans.factory.UnsatisfiedDependencyException: Error creating bean with name 'filterChain' defined in class path resource [com/lrl/liustationspring/config/SecurityConfig.class]: Unsatisfied dependency expressed through method 'filterChain' parameter 0: Error creating bean with name 'org.springframework.security.config.annotation.web.configuration.HttpSecurityConfiguration.httpSecurity' defined in class path resource [org/springframework/security/config/annotation/web/configuration/HttpSecurityConfiguration.class]: Failed to instantiate [org.springframework.security.config.annotation.web.builders.HttpSecurity]: Factory method 'httpSecurity' threw exception with message: org/springframework/security/core/context/DeferredSecurityContext
	at org.springframework.beans.factory.support.ConstructorResolver.createArgumentArray(ConstructorResolver.java:798)
	at org.springframework.beans.factory.support.ConstructorResolver.instantiateUsingFactoryMethod(ConstructorResolver.java:548)
	at org.springframework.beans.factory.support.AbstractAutowireCapableBeanFactory.instantiateUsingFactoryMethod(AbstractAutowireCapableBeanFactory.java:1324)
	at org.springframework.beans.factory.support.AbstractAutowireCapableBeanFactory.createBeanInstance(AbstractAutowireCapableBeanFactory.java:1161)
	at org.springframework.beans.factory.support.AbstractAutowireCapableBeanFactory.doCreateBean(AbstractAutowireCapableBeanFactory.java:561)
	at org.springframework.beans.factory.support.AbstractAutowireCapableBeanFactory.createBean(AbstractAutowireCapableBeanFactory.java:521)
	at org.springframework.beans.factory.support.AbstractBeanFactory.lambda$doGetBean$0(AbstractBeanFactory.java:326)
	at org.springframework.beans.factory.support.DefaultSingletonBeanRegistry.getSingleton(DefaultSingletonBeanRegistry.java:234)
	at org.springframework.beans.factory.support.AbstractBeanFactory.doGetBean(AbstractBeanFactory.java:324)
	at org.springframework.beans.factory.support.AbstractBeanFactory.getBean(AbstractBeanFactory.java:200)
	at org.springframework.beans.factory.support.DefaultListableBeanFactory.preInstantiateSingletons(DefaultListableBeanFactory.java:961)
	at org.springframework.context.support.AbstractApplicationContext.finishBeanFactoryInitialization(AbstractApplicationContext.java:915)
	at org.springframework.context.support.AbstractApplicationContext.refresh(AbstractApplicationContext.java:584)
	at org.springframework.boot.web.servlet.context.ServletWebServerApplicationContext.refresh(ServletWebServerApplicationContext.java:146)
	at org.springframework.boot.SpringApplication.refresh(SpringApplication.java:730)
	at org.springframework.boot.SpringApplication.refreshContext(SpringApplication.java:432)
	at org.springframework.boot.SpringApplication.run(SpringApplication.java:308)
	at org.springframework.boot.SpringApplication.run(SpringApplication.java:1302)
	at org.springframework.boot.SpringApplication.run(SpringApplication.java:1291)
	at com.lrl.liustationspring.LiuStationSpringApplication.main(LiuStationSpringApplication.java:14)
Caused by: org.springframework.beans.factory.BeanCreationException: Error creating bean with name 'org.springframework.security.config.annotation.web.configuration.HttpSecurityConfiguration.httpSecurity' defined in class path resource [org/springframework/security/config/annotation/web/configuration/HttpSecurityConfiguration.class]: Failed to instantiate [org.springframework.security.config.annotation.web.builders.HttpSecurity]: Factory method 'httpSecurity' threw exception with message: org/springframework/security/core/context/DeferredSecurityContext
	at org.springframework.beans.factory.support.ConstructorResolver.instantiate(ConstructorResolver.java:657)
	at org.springframework.beans.factory.support.ConstructorResolver.instantiateUsingFactoryMethod(ConstructorResolver.java:491)
	at org.springframework.beans.factory.support.AbstractAutowireCapableBeanFactory.instantiateUsingFactoryMethod(AbstractAutowireCapableBeanFactory.java:1324)
	at org.springframework.beans.factory.support.AbstractAutowireCapableBeanFactory.createBeanInstance(AbstractAutowireCapableBeanFactory.java:1161)
	at org.springframework.beans.factory.support.AbstractAutowireCapableBeanFactory.doCreateBean(AbstractAutowireCapableBeanFactory.java:561)
	at org.springframework.beans.factory.support.AbstractAutowireCapableBeanFactory.createBean(AbstractAutowireCapableBeanFactory.java:521)
	at org.springframework.beans.factory.support.AbstractBeanFactory.doGetBean(AbstractBeanFactory.java:344)
	at org.springframework.beans.factory.support.AbstractBeanFactory.getBean(AbstractBeanFactory.java:200)
	at org.springframework.beans.factory.config.DependencyDescriptor.resolveCandidate(DependencyDescriptor.java:254)
	at org.springframework.beans.factory.support.DefaultListableBeanFactory.doResolveDependency(DefaultListableBeanFactory.java:1405)
	at org.springframework.beans.factory.support.DefaultListableBeanFactory.resolveDependency(DefaultListableBeanFactory.java:1325)
	at org.springframework.beans.factory.support.ConstructorResolver.resolveAutowiredArgument(ConstructorResolver.java:885)
	at org.springframework.beans.factory.support.ConstructorResolver.createArgumentArray(ConstructorResolver.java:789)
	... 19 common frames omitted
Caused by: org.springframework.beans.BeanInstantiationException: Failed to instantiate [org.springframework.security.config.annotation.web.builders.HttpSecurity]: Factory method 'httpSecurity' threw exception with message: org/springframework/security/core/context/DeferredSecurityContext
	at org.springframework.beans.factory.support.SimpleInstantiationStrategy.instantiate(SimpleInstantiationStrategy.java:171)
	at org.springframework.beans.factory.support.ConstructorResolver.instantiate(ConstructorResolver.java:653)
	... 31 common frames omitted
Caused by: java.lang.NoClassDefFoundError: org/springframework/security/core/context/DeferredSecurityContext
	at org.springframework.security.config.annotation.web.configurers.SessionManagementConfigurer.<init>(SessionManagementConfigurer.java:150)
	at org.springframework.security.config.annotation.web.builders.HttpSecurity.sessionManagement(HttpSecurity.java:564)
	at org.springframework.security.config.annotation.web.configuration.HttpSecurityConfiguration.httpSecurity(HttpSecurityConfiguration.java:119)
	at java.base/jdk.internal.reflect.NativeMethodAccessorImpl.invoke0(Native Method)
	at java.base/jdk.internal.reflect.NativeMethodAccessorImpl.invoke(NativeMethodAccessorImpl.java:77)
	at java.base/jdk.internal.reflect.DelegatingMethodAccessorImpl.invoke(DelegatingMethodAccessorImpl.java:43)
	at java.base/java.lang.reflect.Method.invoke(Method.java:568)
	at org.springframework.beans.factory.support.SimpleInstantiationStrategy.instantiate(SimpleInstantiationStrategy.java:139)
	... 32 common frames omitted
Caused by: java.lang.ClassNotFoundException: org.springframework.security.core.context.DeferredSecurityContext
	at java.base/jdk.internal.loader.BuiltinClassLoader.loadClass(BuiltinClassLoader.java:641)
	at java.base/jdk.internal.loader.ClassLoaders$AppClassLoader.loadClass(ClassLoaders.java:188)
	at java.base/java.lang.ClassLoader.loadClass(ClassLoader.java:520)
	... 40 common frames omitted
2023-04-17 05:34:00 - [main] INFO  c.l.l.LiuStationSpringApplication - Starting LiuStationSpringApplication using Java 17.0.6 with PID 10148 (D:\Lrl_0213\Project\AWSDemo\test\09\aws-infra\liu-station-spring\target\classes started by liuru in D:\Lrl_0213\Project\AWSDemo\test\09\aws-infra\liu-station-spring)
2023-04-17 05:34:00 - [main] INFO  c.l.l.LiuStationSpringApplication - No active profile set, falling back to 1 default profile: "default"
2023-04-17 05:34:01 - [main] INFO  o.s.d.r.c.RepositoryConfigurationDelegate - Bootstrapping Spring Data JPA repositories in DEFAULT mode.
2023-04-17 05:34:01 - [main] INFO  o.s.d.r.c.RepositoryConfigurationDelegate - Finished Spring Data repository scanning in 10 ms. Found 0 JPA repository interfaces.
2023-04-17 05:34:01 - [main] INFO  o.s.b.w.e.tomcat.TomcatWebServer - Tomcat initialized with port(s): 8443 (https)
2023-04-17 05:34:01 - [main] INFO  o.a.coyote.http11.Http11NioProtocol - Initializing ProtocolHandler ["https-jsse-nio-8443"]
2023-04-17 05:34:01 - [main] INFO  o.a.catalina.core.StandardService - Starting service [Tomcat]
2023-04-17 05:34:01 - [main] INFO  o.a.catalina.core.StandardEngine - Starting Servlet engine: [Apache Tomcat/10.1.5]
2023-04-17 05:34:01 - [main] INFO  o.a.c.c.C.[Tomcat].[localhost].[/] - Initializing Spring embedded WebApplicationContext
2023-04-17 05:34:01 - [main] INFO  o.s.b.w.s.c.ServletWebServerApplicationContext - Root WebApplicationContext: initialization completed in 817 ms
2023-04-17 05:34:01 - [main] INFO  com.zaxxer.hikari.HikariDataSource - HikariPool-1 - Starting...
2023-04-17 05:34:01 - [main] INFO  com.zaxxer.hikari.pool.HikariPool - HikariPool-1 - Added connection com.mysql.cj.jdbc.ConnectionImpl@74a820bf
2023-04-17 05:34:01 - [main] INFO  com.zaxxer.hikari.HikariDataSource - HikariPool-1 - Start completed.
2023-04-17 05:34:02 - [main] INFO  o.h.jpa.internal.util.LogHelper - HHH000204: Processing PersistenceUnitInfo [name: default]
2023-04-17 05:34:02 - [main] INFO  org.hibernate.Version - HHH000412: Hibernate ORM core version 6.1.6.Final
2023-04-17 05:34:02 - [main] WARN  org.hibernate.orm.deprecation - HHH90000021: Encountered deprecated setting [javax.persistence.sharedCache.mode], use [jakarta.persistence.sharedCache.mode] instead
2023-04-17 05:34:02 - [main] INFO  SQL dialect - HHH000400: Using dialect: org.hibernate.dialect.MySQLDialect
2023-04-17 05:34:02 - [main] INFO  o.h.e.t.j.p.i.JtaPlatformInitiator - HHH000490: Using JtaPlatform implementation: [org.hibernate.engine.transaction.jta.platform.internal.NoJtaPlatform]
2023-04-17 05:34:02 - [main] INFO  o.s.o.j.LocalContainerEntityManagerFactoryBean - Initialized JPA EntityManagerFactory for persistence unit 'default'
2023-04-17 05:34:02 - [main] WARN  o.s.b.a.o.j.JpaBaseConfiguration$JpaWebConfiguration - spring.jpa.open-in-view is enabled by default. Therefore, database queries may be performed during view rendering. Explicitly configure spring.jpa.open-in-view to disable this warning
2023-04-17 05:34:02 - [main] WARN  o.s.b.a.s.s.UserDetailsServiceAutoConfiguration - 

Using generated security password: 126af509-7442-49a8-8e88-d381abbbb815

This generated password is for development use only. Your security configuration must be updated before running your application in production.

2023-04-17 05:34:02 - [main] WARN  o.s.b.w.s.c.AnnotationConfigServletWebServerApplicationContext - Exception encountered during context initialization - cancelling refresh attempt: org.springframework.beans.factory.UnsatisfiedDependencyException: Error creating bean with name 'org.springframework.security.config.annotation.web.configuration.WebSecurityConfiguration': Unsatisfied dependency expressed through field 'httpSecurity': Error creating bean with name 'org.springframework.security.config.annotation.web.configuration.HttpSecurityConfiguration.httpSecurity' defined in class path resource [org/springframework/security/config/annotation/web/configuration/HttpSecurityConfiguration.class]: Failed to instantiate [org.springframework.security.config.annotation.web.builders.HttpSecurity]: Factory method 'httpSecurity' threw exception with message: org/springframework/security/core/context/DeferredSecurityContext
2023-04-17 05:34:02 - [main] INFO  o.s.o.j.LocalContainerEntityManagerFactoryBean - Closing JPA EntityManagerFactory for persistence unit 'default'
2023-04-17 05:34:02 - [main] INFO  com.zaxxer.hikari.HikariDataSource - HikariPool-1 - Shutdown initiated...
2023-04-17 05:34:02 - [main] INFO  com.zaxxer.hikari.HikariDataSource - HikariPool-1 - Shutdown completed.
2023-04-17 05:34:02 - [main] INFO  o.a.catalina.core.StandardService - Stopping service [Tomcat]
2023-04-17 05:34:02 - [main] INFO  o.s.b.a.l.ConditionEvaluationReportLogger - 

Error starting ApplicationContext. To display the condition evaluation report re-run your application with 'debug' enabled.
2023-04-17 05:34:02 - [main] ERROR o.s.boot.SpringApplication - Application run failed
org.springframework.beans.factory.UnsatisfiedDependencyException: Error creating bean with name 'org.springframework.security.config.annotation.web.configuration.WebSecurityConfiguration': Unsatisfied dependency expressed through field 'httpSecurity': Error creating bean with name 'org.springframework.security.config.annotation.web.configuration.HttpSecurityConfiguration.httpSecurity' defined in class path resource [org/springframework/security/config/annotation/web/configuration/HttpSecurityConfiguration.class]: Failed to instantiate [org.springframework.security.config.annotation.web.builders.HttpSecurity]: Factory method 'httpSecurity' threw exception with message: org/springframework/security/core/context/DeferredSecurityContext
	at org.springframework.beans.factory.annotation.AutowiredAnnotationBeanPostProcessor$AutowiredFieldElement.resolveFieldValue(AutowiredAnnotationBeanPostProcessor.java:712)
	at org.springframework.beans.factory.annotation.AutowiredAnnotationBeanPostProcessor$AutowiredFieldElement.inject(AutowiredAnnotationBeanPostProcessor.java:692)
	at org.springframework.beans.factory.annotation.InjectionMetadata.inject(InjectionMetadata.java:133)
	at org.springframework.beans.factory.annotation.AutowiredAnnotationBeanPostProcessor.postProcessProperties(AutowiredAnnotationBeanPostProcessor.java:481)
	at org.springframework.beans.factory.support.AbstractAutowireCapableBeanFactory.populateBean(AbstractAutowireCapableBeanFactory.java:1397)
	at org.springframework.beans.factory.support.AbstractAutowireCapableBeanFactory.doCreateBean(AbstractAutowireCapableBeanFactory.java:598)
	at org.springframework.beans.factory.support.AbstractAutowireCapableBeanFactory.createBean(AbstractAutowireCapableBeanFactory.java:521)
	at org.springframework.beans.factory.support.AbstractBeanFactory.lambda$doGetBean$0(AbstractBeanFactory.java:326)
	at org.springframework.beans.factory.support.DefaultSingletonBeanRegistry.getSingleton(DefaultSingletonBeanRegistry.java:234)
	at org.springframework.beans.factory.support.AbstractBeanFactory.doGetBean(AbstractBeanFactory.java:324)
	at org.springframework.beans.factory.support.AbstractBeanFactory.getBean(AbstractBeanFactory.java:200)
	at org.springframework.beans.factory.support.DefaultListableBeanFactory.preInstantiateSingletons(DefaultListableBeanFactory.java:961)
	at org.springframework.context.support.AbstractApplicationContext.finishBeanFactoryInitialization(AbstractApplicationContext.java:915)
	at org.springframework.context.support.AbstractApplicationContext.refresh(AbstractApplicationContext.java:584)
	at org.springframework.boot.web.servlet.context.ServletWebServerApplicationContext.refresh(ServletWebServerApplicationContext.java:146)
	at org.springframework.boot.SpringApplication.refresh(SpringApplication.java:730)
	at org.springframework.boot.SpringApplication.refreshContext(SpringApplication.java:432)
	at org.springframework.boot.SpringApplication.run(SpringApplication.java:308)
	at org.springframework.boot.SpringApplication.run(SpringApplication.java:1302)
	at org.springframework.boot.SpringApplication.run(SpringApplication.java:1291)
	at com.lrl.liustationspring.LiuStationSpringApplication.main(LiuStationSpringApplication.java:14)
Caused by: org.springframework.beans.factory.BeanCreationException: Error creating bean with name 'org.springframework.security.config.annotation.web.configuration.HttpSecurityConfiguration.httpSecurity' defined in class path resource [org/springframework/security/config/annotation/web/configuration/HttpSecurityConfiguration.class]: Failed to instantiate [org.springframework.security.config.annotation.web.builders.HttpSecurity]: Factory method 'httpSecurity' threw exception with message: org/springframework/security/core/context/DeferredSecurityContext
	at org.springframework.beans.factory.support.ConstructorResolver.instantiate(ConstructorResolver.java:657)
	at org.springframework.beans.factory.support.ConstructorResolver.instantiateUsingFactoryMethod(ConstructorResolver.java:491)
	at org.springframework.beans.factory.support.AbstractAutowireCapableBeanFactory.instantiateUsingFactoryMethod(AbstractAutowireCapableBeanFactory.java:1324)
	at org.springframework.beans.factory.support.AbstractAutowireCapableBeanFactory.createBeanInstance(AbstractAutowireCapableBeanFactory.java:1161)
	at org.springframework.beans.factory.support.AbstractAutowireCapableBeanFactory.doCreateBean(AbstractAutowireCapableBeanFactory.java:561)
	at org.springframework.beans.factory.support.AbstractAutowireCapableBeanFactory.createBean(AbstractAutowireCapableBeanFactory.java:521)
	at org.springframework.beans.factory.support.AbstractBeanFactory.doGetBean(AbstractBeanFactory.java:344)
	at org.springframework.beans.factory.support.AbstractBeanFactory.getBean(AbstractBeanFactory.java:200)
	at org.springframework.beans.factory.config.DependencyDescriptor.resolveCandidate(DependencyDescriptor.java:254)
	at org.springframework.beans.factory.support.DefaultListableBeanFactory.doResolveDependency(DefaultListableBeanFactory.java:1405)
	at org.springframework.beans.factory.support.DefaultListableBeanFactory.resolveDependency(DefaultListableBeanFactory.java:1325)
	at org.springframework.beans.factory.annotation.AutowiredAnnotationBeanPostProcessor$AutowiredFieldElement.resolveFieldValue(AutowiredAnnotationBeanPostProcessor.java:709)
	... 20 common frames omitted
Caused by: org.springframework.beans.BeanInstantiationException: Failed to instantiate [org.springframework.security.config.annotation.web.builders.HttpSecurity]: Factory method 'httpSecurity' threw exception with message: org/springframework/security/core/context/DeferredSecurityContext
	at org.springframework.beans.factory.support.SimpleInstantiationStrategy.instantiate(SimpleInstantiationStrategy.java:171)
	at org.springframework.beans.factory.support.ConstructorResolver.instantiate(ConstructorResolver.java:653)
	... 31 common frames omitted
Caused by: java.lang.NoClassDefFoundError: org/springframework/security/core/context/DeferredSecurityContext
	at org.springframework.security.config.annotation.web.configurers.SessionManagementConfigurer.<init>(SessionManagementConfigurer.java:150)
	at org.springframework.security.config.annotation.web.builders.HttpSecurity.sessionManagement(HttpSecurity.java:564)
	at org.springframework.security.config.annotation.web.configuration.HttpSecurityConfiguration.httpSecurity(HttpSecurityConfiguration.java:119)
	at java.base/jdk.internal.reflect.NativeMethodAccessorImpl.invoke0(Native Method)
	at java.base/jdk.internal.reflect.NativeMethodAccessorImpl.invoke(NativeMethodAccessorImpl.java:77)
	at java.base/jdk.internal.reflect.DelegatingMethodAccessorImpl.invoke(DelegatingMethodAccessorImpl.java:43)
	at java.base/java.lang.reflect.Method.invoke(Method.java:568)
	at org.springframework.beans.factory.support.SimpleInstantiationStrategy.instantiate(SimpleInstantiationStrategy.java:139)
	... 32 common frames omitted
Caused by: java.lang.ClassNotFoundException: org.springframework.security.core.context.DeferredSecurityContext
	at java.base/jdk.internal.loader.BuiltinClassLoader.loadClass(BuiltinClassLoader.java:641)
	at java.base/jdk.internal.loader.ClassLoaders$AppClassLoader.loadClass(ClassLoaders.java:188)
	at java.base/java.lang.ClassLoader.loadClass(ClassLoader.java:520)
	... 40 common frames omitted
2023-04-17 05:34:27 - [main] INFO  c.l.l.LiuStationSpringApplication - Starting LiuStationSpringApplication using Java 17.0.6 with PID 26460 (D:\Lrl_0213\Project\AWSDemo\test\09\aws-infra\liu-station-spring\target\classes started by liuru in D:\Lrl_0213\Project\AWSDemo\test\09\aws-infra\liu-station-spring)
2023-04-17 05:34:27 - [main] INFO  c.l.l.LiuStationSpringApplication - No active profile set, falling back to 1 default profile: "default"
2023-04-17 05:34:28 - [main] INFO  o.s.d.r.c.RepositoryConfigurationDelegate - Bootstrapping Spring Data JPA repositories in DEFAULT mode.
2023-04-17 05:34:28 - [main] INFO  o.s.d.r.c.RepositoryConfigurationDelegate - Finished Spring Data repository scanning in 10 ms. Found 0 JPA repository interfaces.
2023-04-17 05:34:28 - [main] INFO  o.s.b.w.e.tomcat.TomcatWebServer - Tomcat initialized with port(s): 8443 (https)
2023-04-17 05:34:28 - [main] INFO  o.a.coyote.http11.Http11NioProtocol - Initializing ProtocolHandler ["https-jsse-nio-8443"]
2023-04-17 05:34:28 - [main] INFO  o.a.catalina.core.StandardService - Starting service [Tomcat]
2023-04-17 05:34:28 - [main] INFO  o.a.catalina.core.StandardEngine - Starting Servlet engine: [Apache Tomcat/10.1.5]
2023-04-17 05:34:28 - [main] INFO  o.a.c.c.C.[Tomcat].[localhost].[/] - Initializing Spring embedded WebApplicationContext
2023-04-17 05:34:28 - [main] INFO  o.s.b.w.s.c.ServletWebServerApplicationContext - Root WebApplicationContext: initialization completed in 780 ms
2023-04-17 05:34:28 - [main] INFO  com.zaxxer.hikari.HikariDataSource - HikariPool-1 - Starting...
2023-04-17 05:34:29 - [main] INFO  com.zaxxer.hikari.pool.HikariPool - HikariPool-1 - Added connection com.mysql.cj.jdbc.ConnectionImpl@3caee3a8
2023-04-17 05:34:29 - [main] INFO  com.zaxxer.hikari.HikariDataSource - HikariPool-1 - Start completed.
2023-04-17 05:34:29 - [main] INFO  o.h.jpa.internal.util.LogHelper - HHH000204: Processing PersistenceUnitInfo [name: default]
2023-04-17 05:34:29 - [main] INFO  org.hibernate.Version - HHH000412: Hibernate ORM core version 6.1.6.Final
2023-04-17 05:34:29 - [main] WARN  org.hibernate.orm.deprecation - HHH90000021: Encountered deprecated setting [javax.persistence.sharedCache.mode], use [jakarta.persistence.sharedCache.mode] instead
2023-04-17 05:34:29 - [main] INFO  SQL dialect - HHH000400: Using dialect: org.hibernate.dialect.MySQLDialect
2023-04-17 05:34:29 - [main] INFO  o.h.e.t.j.p.i.JtaPlatformInitiator - HHH000490: Using JtaPlatform implementation: [org.hibernate.engine.transaction.jta.platform.internal.NoJtaPlatform]
2023-04-17 05:34:29 - [main] INFO  o.s.o.j.LocalContainerEntityManagerFactoryBean - Initialized JPA EntityManagerFactory for persistence unit 'default'
2023-04-17 05:34:29 - [main] WARN  o.s.b.a.o.j.JpaBaseConfiguration$JpaWebConfiguration - spring.jpa.open-in-view is enabled by default. Therefore, database queries may be performed during view rendering. Explicitly configure spring.jpa.open-in-view to disable this warning
2023-04-17 05:34:29 - [main] INFO  o.a.coyote.http11.Http11NioProtocol - Starting ProtocolHandler ["https-jsse-nio-8443"]
2023-04-17 05:34:29 - [main] WARN  o.s.b.w.s.c.AnnotationConfigServletWebServerApplicationContext - Exception encountered during context initialization - cancelling refresh attempt: org.springframework.context.ApplicationContextException: Failed to start bean 'webServerStartStop'
2023-04-17 05:34:29 - [main] INFO  o.s.o.j.LocalContainerEntityManagerFactoryBean - Closing JPA EntityManagerFactory for persistence unit 'default'
2023-04-17 05:34:29 - [main] INFO  com.zaxxer.hikari.HikariDataSource - HikariPool-1 - Shutdown initiated...
2023-04-17 05:34:29 - [main] INFO  com.zaxxer.hikari.HikariDataSource - HikariPool-1 - Shutdown completed.
2023-04-17 05:34:29 - [main] INFO  o.a.coyote.http11.Http11NioProtocol - Pausing ProtocolHandler ["https-jsse-nio-8443"]
2023-04-17 05:34:29 - [main] INFO  o.a.catalina.core.StandardService - Stopping service [Tomcat]
2023-04-17 05:34:29 - [main] INFO  o.a.coyote.http11.Http11NioProtocol - Stopping ProtocolHandler ["https-jsse-nio-8443"]
2023-04-17 05:34:29 - [main] INFO  o.a.coyote.http11.Http11NioProtocol - Destroying ProtocolHandler ["https-jsse-nio-8443"]
2023-04-17 05:34:29 - [main] INFO  o.s.b.a.l.ConditionEvaluationReportLogger - 

Error starting ApplicationContext. To display the condition evaluation report re-run your application with 'debug' enabled.
2023-04-17 05:34:29 - [main] ERROR o.s.boot.SpringApplication - Application run failed
org.springframework.context.ApplicationContextException: Failed to start bean 'webServerStartStop'
	at org.springframework.context.support.DefaultLifecycleProcessor.doStart(DefaultLifecycleProcessor.java:181)
	at org.springframework.context.support.DefaultLifecycleProcessor$LifecycleGroup.start(DefaultLifecycleProcessor.java:356)
	at java.base/java.lang.Iterable.forEach(Iterable.java:75)
	at org.springframework.context.support.DefaultLifecycleProcessor.startBeans(DefaultLifecycleProcessor.java:155)
	at org.springframework.context.support.DefaultLifecycleProcessor.onRefresh(DefaultLifecycleProcessor.java:123)
	at org.springframework.context.support.AbstractApplicationContext.finishRefresh(AbstractApplicationContext.java:932)
	at org.springframework.context.support.AbstractApplicationContext.refresh(AbstractApplicationContext.java:587)
	at org.springframework.boot.web.servlet.context.ServletWebServerApplicationContext.refresh(ServletWebServerApplicationContext.java:146)
	at org.springframework.boot.SpringApplication.refresh(SpringApplication.java:730)
	at org.springframework.boot.SpringApplication.refreshContext(SpringApplication.java:432)
	at org.springframework.boot.SpringApplication.run(SpringApplication.java:308)
	at org.springframework.boot.SpringApplication.run(SpringApplication.java:1302)
	at org.springframework.boot.SpringApplication.run(SpringApplication.java:1291)
	at com.lrl.liustationspring.LiuStationSpringApplication.main(LiuStationSpringApplication.java:14)
Caused by: org.springframework.boot.web.server.WebServerException: Unable to start embedded Tomcat server
	at org.springframework.boot.web.embedded.tomcat.TomcatWebServer.start(TomcatWebServer.java:229)
	at org.springframework.boot.web.servlet.context.WebServerStartStopLifecycle.start(WebServerStartStopLifecycle.java:44)
	at org.springframework.context.support.DefaultLifecycleProcessor.doStart(DefaultLifecycleProcessor.java:178)
	... 13 common frames omitted
Caused by: java.lang.IllegalArgumentException: standardService.connector.startFailed
	at org.apache.catalina.core.StandardService.addConnector(StandardService.java:238)
	at org.springframework.boot.web.embedded.tomcat.TomcatWebServer.addPreviouslyRemovedConnectors(TomcatWebServer.java:282)
	at org.springframework.boot.web.embedded.tomcat.TomcatWebServer.start(TomcatWebServer.java:213)
	... 15 common frames omitted
Caused by: org.apache.catalina.LifecycleException: Protocol handler start failed
	at org.apache.catalina.connector.Connector.startInternal(Connector.java:1084)
	at org.apache.catalina.util.LifecycleBase.start(LifecycleBase.java:183)
	at org.apache.catalina.core.StandardService.addConnector(StandardService.java:234)
	... 17 common frames omitted
Caused by: java.lang.IllegalArgumentException: D:\Lrl_0213\Project\AWSDemo\test\09\aws-infra\liu-station-spring\ssl\springboot.p12 (系统找不到指定的路径。)
	at org.apache.tomcat.util.net.AbstractJsseEndpoint.createSSLContext(AbstractJsseEndpoint.java:106)
	at org.apache.tomcat.util.net.AbstractJsseEndpoint.initialiseSsl(AbstractJsseEndpoint.java:70)
	at org.apache.tomcat.util.net.NioEndpoint.bind(NioEndpoint.java:206)
	at org.apache.tomcat.util.net.AbstractEndpoint.bindWithCleanup(AbstractEndpoint.java:1172)
	at org.apache.tomcat.util.net.AbstractEndpoint.start(AbstractEndpoint.java:1258)
	at org.apache.coyote.AbstractProtocol.start(AbstractProtocol.java:586)
	at org.apache.catalina.connector.Connector.startInternal(Connector.java:1081)
	... 19 common frames omitted
Caused by: java.io.FileNotFoundException: D:\Lrl_0213\Project\AWSDemo\test\09\aws-infra\liu-station-spring\ssl\springboot.p12 (系统找不到指定的路径。)
	at java.base/java.io.FileInputStream.open0(Native Method)
	at java.base/java.io.FileInputStream.open(FileInputStream.java:216)
	at java.base/java.io.FileInputStream.<init>(FileInputStream.java:157)
	at java.base/java.io.FileInputStream.<init>(FileInputStream.java:111)
	at java.base/sun.net.www.protocol.file.FileURLConnection.connect(FileURLConnection.java:86)
	at java.base/sun.net.www.protocol.file.FileURLConnection.getInputStream(FileURLConnection.java:189)
	at org.apache.catalina.startup.CatalinaBaseConfigurationSource.getResource(CatalinaBaseConfigurationSource.java:118)
	at org.apache.tomcat.util.net.SSLUtilBase.getStore(SSLUtilBase.java:199)
	at org.apache.tomcat.util.net.SSLHostConfigCertificate.getCertificateKeystore(SSLHostConfigCertificate.java:207)
	at org.apache.tomcat.util.net.SSLUtilBase.getKeyManagers(SSLUtilBase.java:283)
	at org.apache.tomcat.util.net.SSLUtilBase.createSSLContext(SSLUtilBase.java:247)
	at org.apache.tomcat.util.net.AbstractJsseEndpoint.createSSLContext(AbstractJsseEndpoint.java:104)
	... 25 common frames omitted
2023-04-17 05:35:31 - [main] INFO  c.l.l.LiuStationSpringApplication - Starting LiuStationSpringApplication using Java 17.0.6 with PID 24384 (D:\Lrl_0213\Project\AWSDemo\test\09\aws-infra\liu-station-spring\target\classes started by liuru in D:\Lrl_0213\Project\AWSDemo\test\09\aws-infra\liu-station-spring)
2023-04-17 05:35:31 - [main] INFO  c.l.l.LiuStationSpringApplication - No active profile set, falling back to 1 default profile: "default"
2023-04-17 05:35:32 - [main] INFO  o.s.d.r.c.RepositoryConfigurationDelegate - Bootstrapping Spring Data JPA repositories in DEFAULT mode.
2023-04-17 05:35:32 - [main] INFO  o.s.d.r.c.RepositoryConfigurationDelegate - Finished Spring Data repository scanning in 9 ms. Found 0 JPA repository interfaces.
2023-04-17 05:35:32 - [main] INFO  o.s.b.w.e.tomcat.TomcatWebServer - Tomcat initialized with port(s): 8443 (https)
2023-04-17 05:35:32 - [main] INFO  o.a.coyote.http11.Http11NioProtocol - Initializing ProtocolHandler ["https-jsse-nio-8443"]
2023-04-17 05:35:32 - [main] INFO  o.a.catalina.core.StandardService - Starting service [Tomcat]
2023-04-17 05:35:32 - [main] INFO  o.a.catalina.core.StandardEngine - Starting Servlet engine: [Apache Tomcat/10.1.5]
2023-04-17 05:35:32 - [main] INFO  o.a.c.c.C.[Tomcat].[localhost].[/] - Initializing Spring embedded WebApplicationContext
2023-04-17 05:35:32 - [main] INFO  o.s.b.w.s.c.ServletWebServerApplicationContext - Root WebApplicationContext: initialization completed in 795 ms
2023-04-17 05:35:32 - [main] INFO  com.zaxxer.hikari.HikariDataSource - HikariPool-1 - Starting...
2023-04-17 05:35:32 - [main] INFO  com.zaxxer.hikari.pool.HikariPool - HikariPool-1 - Added connection com.mysql.cj.jdbc.ConnectionImpl@251c90f
2023-04-17 05:35:32 - [main] INFO  com.zaxxer.hikari.HikariDataSource - HikariPool-1 - Start completed.
2023-04-17 05:35:32 - [main] INFO  o.h.jpa.internal.util.LogHelper - HHH000204: Processing PersistenceUnitInfo [name: default]
2023-04-17 05:35:32 - [main] INFO  org.hibernate.Version - HHH000412: Hibernate ORM core version 6.1.6.Final
2023-04-17 05:35:32 - [main] WARN  org.hibernate.orm.deprecation - HHH90000021: Encountered deprecated setting [javax.persistence.sharedCache.mode], use [jakarta.persistence.sharedCache.mode] instead
2023-04-17 05:35:33 - [main] INFO  SQL dialect - HHH000400: Using dialect: org.hibernate.dialect.MySQLDialect
2023-04-17 05:35:33 - [main] INFO  o.h.e.t.j.p.i.JtaPlatformInitiator - HHH000490: Using JtaPlatform implementation: [org.hibernate.engine.transaction.jta.platform.internal.NoJtaPlatform]
2023-04-17 05:35:33 - [main] INFO  o.s.o.j.LocalContainerEntityManagerFactoryBean - Initialized JPA EntityManagerFactory for persistence unit 'default'
2023-04-17 05:35:33 - [main] WARN  o.s.b.a.o.j.JpaBaseConfiguration$JpaWebConfiguration - spring.jpa.open-in-view is enabled by default. Therefore, database queries may be performed during view rendering. Explicitly configure spring.jpa.open-in-view to disable this warning
2023-04-17 05:35:33 - [main] INFO  o.a.coyote.http11.Http11NioProtocol - Starting ProtocolHandler ["https-jsse-nio-8443"]
2023-04-17 05:35:33 - [main] WARN  o.s.b.w.s.c.AnnotationConfigServletWebServerApplicationContext - Exception encountered during context initialization - cancelling refresh attempt: org.springframework.context.ApplicationContextException: Failed to start bean 'webServerStartStop'
2023-04-17 05:35:33 - [main] INFO  o.s.o.j.LocalContainerEntityManagerFactoryBean - Closing JPA EntityManagerFactory for persistence unit 'default'
2023-04-17 05:35:33 - [main] INFO  com.zaxxer.hikari.HikariDataSource - HikariPool-1 - Shutdown initiated...
2023-04-17 05:35:33 - [main] INFO  com.zaxxer.hikari.HikariDataSource - HikariPool-1 - Shutdown completed.
2023-04-17 05:35:33 - [main] INFO  o.a.coyote.http11.Http11NioProtocol - Pausing ProtocolHandler ["https-jsse-nio-8443"]
2023-04-17 05:35:33 - [main] INFO  o.a.catalina.core.StandardService - Stopping service [Tomcat]
2023-04-17 05:35:33 - [main] INFO  o.a.coyote.http11.Http11NioProtocol - Stopping ProtocolHandler ["https-jsse-nio-8443"]
2023-04-17 05:35:33 - [main] INFO  o.a.coyote.http11.Http11NioProtocol - Destroying ProtocolHandler ["https-jsse-nio-8443"]
2023-04-17 05:35:33 - [main] INFO  o.s.b.a.l.ConditionEvaluationReportLogger - 

Error starting ApplicationContext. To display the condition evaluation report re-run your application with 'debug' enabled.
2023-04-17 05:35:33 - [main] ERROR o.s.boot.SpringApplication - Application run failed
org.springframework.context.ApplicationContextException: Failed to start bean 'webServerStartStop'
	at org.springframework.context.support.DefaultLifecycleProcessor.doStart(DefaultLifecycleProcessor.java:181)
	at org.springframework.context.support.DefaultLifecycleProcessor$LifecycleGroup.start(DefaultLifecycleProcessor.java:356)
	at java.base/java.lang.Iterable.forEach(Iterable.java:75)
	at org.springframework.context.support.DefaultLifecycleProcessor.startBeans(DefaultLifecycleProcessor.java:155)
	at org.springframework.context.support.DefaultLifecycleProcessor.onRefresh(DefaultLifecycleProcessor.java:123)
	at org.springframework.context.support.AbstractApplicationContext.finishRefresh(AbstractApplicationContext.java:932)
	at org.springframework.context.support.AbstractApplicationContext.refresh(AbstractApplicationContext.java:587)
	at org.springframework.boot.web.servlet.context.ServletWebServerApplicationContext.refresh(ServletWebServerApplicationContext.java:146)
	at org.springframework.boot.SpringApplication.refresh(SpringApplication.java:730)
	at org.springframework.boot.SpringApplication.refreshContext(SpringApplication.java:432)
	at org.springframework.boot.SpringApplication.run(SpringApplication.java:308)
	at org.springframework.boot.SpringApplication.run(SpringApplication.java:1302)
	at org.springframework.boot.SpringApplication.run(SpringApplication.java:1291)
	at com.lrl.liustationspring.LiuStationSpringApplication.main(LiuStationSpringApplication.java:14)
Caused by: org.springframework.boot.web.server.WebServerException: Unable to start embedded Tomcat server
	at org.springframework.boot.web.embedded.tomcat.TomcatWebServer.start(TomcatWebServer.java:229)
	at org.springframework.boot.web.servlet.context.WebServerStartStopLifecycle.start(WebServerStartStopLifecycle.java:44)
	at org.springframework.context.support.DefaultLifecycleProcessor.doStart(DefaultLifecycleProcessor.java:178)
	... 13 common frames omitted
Caused by: java.lang.IllegalArgumentException: standardService.connector.startFailed
	at org.apache.catalina.core.StandardService.addConnector(StandardService.java:238)
	at org.springframework.boot.web.embedded.tomcat.TomcatWebServer.addPreviouslyRemovedConnectors(TomcatWebServer.java:282)
	at org.springframework.boot.web.embedded.tomcat.TomcatWebServer.start(TomcatWebServer.java:213)
	... 15 common frames omitted
Caused by: org.apache.catalina.LifecycleException: Protocol handler start failed
	at org.apache.catalina.connector.Connector.startInternal(Connector.java:1084)
	at org.apache.catalina.util.LifecycleBase.start(LifecycleBase.java:183)
	at org.apache.catalina.core.StandardService.addConnector(StandardService.java:234)
	... 17 common frames omitted
Caused by: java.lang.IllegalArgumentException: D:\ssl\springboot.p12 (系统找不到指定的路径。)
	at org.apache.tomcat.util.net.AbstractJsseEndpoint.createSSLContext(AbstractJsseEndpoint.java:106)
	at org.apache.tomcat.util.net.AbstractJsseEndpoint.initialiseSsl(AbstractJsseEndpoint.java:70)
	at org.apache.tomcat.util.net.NioEndpoint.bind(NioEndpoint.java:206)
	at org.apache.tomcat.util.net.AbstractEndpoint.bindWithCleanup(AbstractEndpoint.java:1172)
	at org.apache.tomcat.util.net.AbstractEndpoint.start(AbstractEndpoint.java:1258)
	at org.apache.coyote.AbstractProtocol.start(AbstractProtocol.java:586)
	at org.apache.catalina.connector.Connector.startInternal(Connector.java:1081)
	... 19 common frames omitted
Caused by: java.io.FileNotFoundException: D:\ssl\springboot.p12 (系统找不到指定的路径。)
	at java.base/java.io.FileInputStream.open0(Native Method)
	at java.base/java.io.FileInputStream.open(FileInputStream.java:216)
	at java.base/java.io.FileInputStream.<init>(FileInputStream.java:157)
	at java.base/java.io.FileInputStream.<init>(FileInputStream.java:111)
	at java.base/sun.net.www.protocol.file.FileURLConnection.connect(FileURLConnection.java:86)
	at java.base/sun.net.www.protocol.file.FileURLConnection.getInputStream(FileURLConnection.java:189)
	at org.apache.catalina.startup.CatalinaBaseConfigurationSource.getResource(CatalinaBaseConfigurationSource.java:118)
	at org.apache.tomcat.util.net.SSLUtilBase.getStore(SSLUtilBase.java:199)
	at org.apache.tomcat.util.net.SSLHostConfigCertificate.getCertificateKeystore(SSLHostConfigCertificate.java:207)
	at org.apache.tomcat.util.net.SSLUtilBase.getKeyManagers(SSLUtilBase.java:283)
	at org.apache.tomcat.util.net.SSLUtilBase.createSSLContext(SSLUtilBase.java:247)
	at org.apache.tomcat.util.net.AbstractJsseEndpoint.createSSLContext(AbstractJsseEndpoint.java:104)
	... 25 common frames omitted
2023-04-17 05:36:00 - [main] INFO  c.l.l.LiuStationSpringApplication - Starting LiuStationSpringApplication using Java 17.0.6 with PID 8504 (D:\Lrl_0213\Project\AWSDemo\test\09\aws-infra\liu-station-spring\target\classes started by liuru in D:\Lrl_0213\Project\AWSDemo\test\09\aws-infra\liu-station-spring)
2023-04-17 05:36:00 - [main] INFO  c.l.l.LiuStationSpringApplication - No active profile set, falling back to 1 default profile: "default"
2023-04-17 05:36:01 - [main] INFO  o.s.d.r.c.RepositoryConfigurationDelegate - Bootstrapping Spring Data JPA repositories in DEFAULT mode.
2023-04-17 05:36:01 - [main] INFO  o.s.d.r.c.RepositoryConfigurationDelegate - Finished Spring Data repository scanning in 10 ms. Found 0 JPA repository interfaces.
2023-04-17 05:36:01 - [main] WARN  o.s.b.w.s.c.AnnotationConfigServletWebServerApplicationContext - Exception encountered during context initialization - cancelling refresh attempt: org.springframework.context.ApplicationContextException: Unable to start web server
2023-04-17 05:36:01 - [main] INFO  o.s.b.a.l.ConditionEvaluationReportLogger - 

Error starting ApplicationContext. To display the condition evaluation report re-run your application with 'debug' enabled.
2023-04-17 05:36:01 - [main] ERROR o.s.boot.SpringApplication - Application run failed
org.springframework.context.ApplicationContextException: Unable to start web server
	at org.springframework.boot.web.servlet.context.ServletWebServerApplicationContext.onRefresh(ServletWebServerApplicationContext.java:164)
	at org.springframework.context.support.AbstractApplicationContext.refresh(AbstractApplicationContext.java:578)
	at org.springframework.boot.web.servlet.context.ServletWebServerApplicationContext.refresh(ServletWebServerApplicationContext.java:146)
	at org.springframework.boot.SpringApplication.refresh(SpringApplication.java:730)
	at org.springframework.boot.SpringApplication.refreshContext(SpringApplication.java:432)
	at org.springframework.boot.SpringApplication.run(SpringApplication.java:308)
	at org.springframework.boot.SpringApplication.run(SpringApplication.java:1302)
	at org.springframework.boot.SpringApplication.run(SpringApplication.java:1291)
	at com.lrl.liustationspring.LiuStationSpringApplication.main(LiuStationSpringApplication.java:14)
Caused by: org.springframework.boot.web.server.WebServerException: Could not load key store 'classpath:ssl/springboot.p12'
	at org.springframework.boot.web.embedded.tomcat.SslConnectorCustomizer.configureSslKeyStore(SslConnectorCustomizer.java:154)
	at org.springframework.boot.web.embedded.tomcat.SslConnectorCustomizer.configureSsl(SslConnectorCustomizer.java:103)
	at org.springframework.boot.web.embedded.tomcat.SslConnectorCustomizer.customize(SslConnectorCustomizer.java:61)
	at org.springframework.boot.web.embedded.tomcat.TomcatServletWebServerFactory.customizeSsl(TomcatServletWebServerFactory.java:364)
	at org.springframework.boot.web.embedded.tomcat.TomcatServletWebServerFactory.customizeConnector(TomcatServletWebServerFactory.java:342)
	at org.springframework.boot.web.embedded.tomcat.TomcatServletWebServerFactory.getWebServer(TomcatServletWebServerFactory.java:202)
	at org.springframework.boot.web.servlet.context.ServletWebServerApplicationContext.createWebServer(ServletWebServerApplicationContext.java:183)
	at org.springframework.boot.web.servlet.context.ServletWebServerApplicationContext.onRefresh(ServletWebServerApplicationContext.java:161)
	... 8 common frames omitted
Caused by: java.io.FileNotFoundException: class path resource [ssl/springboot.p12] cannot be resolved to URL because it does not exist
	at org.springframework.util.ResourceUtils.getURL(ResourceUtils.java:137)
	at org.springframework.boot.web.embedded.tomcat.SslConnectorCustomizer.configureSslKeyStore(SslConnectorCustomizer.java:151)
	... 15 common frames omitted
2023-04-17 05:37:46 - [main] INFO  c.l.l.LiuStationSpringApplication - Starting LiuStationSpringApplication using Java 17.0.6 with PID 24160 (D:\Lrl_0213\Project\AWSDemo\test\09\aws-infra\liu-station-spring\target\classes started by liuru in D:\Lrl_0213\Project\AWSDemo\test\09\aws-infra\liu-station-spring)
2023-04-17 05:37:46 - [main] INFO  c.l.l.LiuStationSpringApplication - No active profile set, falling back to 1 default profile: "default"
2023-04-17 05:37:46 - [main] INFO  o.s.d.r.c.RepositoryConfigurationDelegate - Bootstrapping Spring Data JPA repositories in DEFAULT mode.
2023-04-17 05:37:46 - [main] INFO  o.s.d.r.c.RepositoryConfigurationDelegate - Finished Spring Data repository scanning in 10 ms. Found 0 JPA repository interfaces.
2023-04-17 05:37:46 - [main] INFO  o.s.b.w.e.tomcat.TomcatWebServer - Tomcat initialized with port(s): 8443 (https)
2023-04-17 05:37:46 - [main] INFO  o.a.coyote.http11.Http11NioProtocol - Initializing ProtocolHandler ["https-jsse-nio-8443"]
2023-04-17 05:37:46 - [main] INFO  o.a.catalina.core.StandardService - Starting service [Tomcat]
2023-04-17 05:37:46 - [main] INFO  o.a.catalina.core.StandardEngine - Starting Servlet engine: [Apache Tomcat/10.1.5]
2023-04-17 05:37:46 - [main] INFO  o.a.c.c.C.[Tomcat].[localhost].[/] - Initializing Spring embedded WebApplicationContext
2023-04-17 05:37:46 - [main] INFO  o.s.b.w.s.c.ServletWebServerApplicationContext - Root WebApplicationContext: initialization completed in 797 ms
2023-04-17 05:37:46 - [main] INFO  com.zaxxer.hikari.HikariDataSource - HikariPool-1 - Starting...
2023-04-17 05:37:47 - [main] INFO  com.zaxxer.hikari.pool.HikariPool - HikariPool-1 - Added connection com.mysql.cj.jdbc.ConnectionImpl@251c90f
2023-04-17 05:37:47 - [main] INFO  com.zaxxer.hikari.HikariDataSource - HikariPool-1 - Start completed.
2023-04-17 05:37:47 - [main] INFO  o.h.jpa.internal.util.LogHelper - HHH000204: Processing PersistenceUnitInfo [name: default]
2023-04-17 05:37:47 - [main] INFO  org.hibernate.Version - HHH000412: Hibernate ORM core version 6.1.6.Final
2023-04-17 05:37:47 - [main] WARN  org.hibernate.orm.deprecation - HHH90000021: Encountered deprecated setting [javax.persistence.sharedCache.mode], use [jakarta.persistence.sharedCache.mode] instead
2023-04-17 05:37:47 - [main] INFO  SQL dialect - HHH000400: Using dialect: org.hibernate.dialect.MySQLDialect
2023-04-17 05:37:47 - [main] INFO  o.h.e.t.j.p.i.JtaPlatformInitiator - HHH000490: Using JtaPlatform implementation: [org.hibernate.engine.transaction.jta.platform.internal.NoJtaPlatform]
2023-04-17 05:37:47 - [main] INFO  o.s.o.j.LocalContainerEntityManagerFactoryBean - Initialized JPA EntityManagerFactory for persistence unit 'default'
2023-04-17 05:37:47 - [main] WARN  o.s.b.a.o.j.JpaBaseConfiguration$JpaWebConfiguration - spring.jpa.open-in-view is enabled by default. Therefore, database queries may be performed during view rendering. Explicitly configure spring.jpa.open-in-view to disable this warning
2023-04-17 05:37:47 - [main] INFO  o.a.coyote.http11.Http11NioProtocol - Starting ProtocolHandler ["https-jsse-nio-8443"]
2023-04-17 05:37:47 - [main] WARN  o.s.b.w.s.c.AnnotationConfigServletWebServerApplicationContext - Exception encountered during context initialization - cancelling refresh attempt: org.springframework.context.ApplicationContextException: Failed to start bean 'webServerStartStop'
2023-04-17 05:37:47 - [main] INFO  o.s.o.j.LocalContainerEntityManagerFactoryBean - Closing JPA EntityManagerFactory for persistence unit 'default'
2023-04-17 05:37:47 - [main] INFO  com.zaxxer.hikari.HikariDataSource - HikariPool-1 - Shutdown initiated...
2023-04-17 05:37:47 - [main] INFO  com.zaxxer.hikari.HikariDataSource - HikariPool-1 - Shutdown completed.
2023-04-17 05:37:47 - [main] INFO  o.a.coyote.http11.Http11NioProtocol - Pausing ProtocolHandler ["https-jsse-nio-8443"]
2023-04-17 05:37:47 - [main] INFO  o.a.catalina.core.StandardService - Stopping service [Tomcat]
2023-04-17 05:37:47 - [main] INFO  o.a.coyote.http11.Http11NioProtocol - Stopping ProtocolHandler ["https-jsse-nio-8443"]
2023-04-17 05:37:47 - [main] INFO  o.a.coyote.http11.Http11NioProtocol - Destroying ProtocolHandler ["https-jsse-nio-8443"]
2023-04-17 05:37:47 - [main] INFO  o.s.b.a.l.ConditionEvaluationReportLogger - 

Error starting ApplicationContext. To display the condition evaluation report re-run your application with 'debug' enabled.
2023-04-17 05:37:47 - [main] ERROR o.s.boot.SpringApplication - Application run failed
org.springframework.context.ApplicationContextException: Failed to start bean 'webServerStartStop'
	at org.springframework.context.support.DefaultLifecycleProcessor.doStart(DefaultLifecycleProcessor.java:181)
	at org.springframework.context.support.DefaultLifecycleProcessor$LifecycleGroup.start(DefaultLifecycleProcessor.java:356)
	at java.base/java.lang.Iterable.forEach(Iterable.java:75)
	at org.springframework.context.support.DefaultLifecycleProcessor.startBeans(DefaultLifecycleProcessor.java:155)
	at org.springframework.context.support.DefaultLifecycleProcessor.onRefresh(DefaultLifecycleProcessor.java:123)
	at org.springframework.context.support.AbstractApplicationContext.finishRefresh(AbstractApplicationContext.java:932)
	at org.springframework.context.support.AbstractApplicationContext.refresh(AbstractApplicationContext.java:587)
	at org.springframework.boot.web.servlet.context.ServletWebServerApplicationContext.refresh(ServletWebServerApplicationContext.java:146)
	at org.springframework.boot.SpringApplication.refresh(SpringApplication.java:730)
	at org.springframework.boot.SpringApplication.refreshContext(SpringApplication.java:432)
	at org.springframework.boot.SpringApplication.run(SpringApplication.java:308)
	at org.springframework.boot.SpringApplication.run(SpringApplication.java:1302)
	at org.springframework.boot.SpringApplication.run(SpringApplication.java:1291)
	at com.lrl.liustationspring.LiuStationSpringApplication.main(LiuStationSpringApplication.java:14)
Caused by: org.springframework.boot.web.server.WebServerException: Unable to start embedded Tomcat server
	at org.springframework.boot.web.embedded.tomcat.TomcatWebServer.start(TomcatWebServer.java:229)
	at org.springframework.boot.web.servlet.context.WebServerStartStopLifecycle.start(WebServerStartStopLifecycle.java:44)
	at org.springframework.context.support.DefaultLifecycleProcessor.doStart(DefaultLifecycleProcessor.java:178)
	... 13 common frames omitted
Caused by: java.lang.IllegalArgumentException: standardService.connector.startFailed
	at org.apache.catalina.core.StandardService.addConnector(StandardService.java:238)
	at org.springframework.boot.web.embedded.tomcat.TomcatWebServer.addPreviouslyRemovedConnectors(TomcatWebServer.java:282)
	at org.springframework.boot.web.embedded.tomcat.TomcatWebServer.start(TomcatWebServer.java:213)
	... 15 common frames omitted
Caused by: org.apache.catalina.LifecycleException: Protocol handler start failed
	at org.apache.catalina.connector.Connector.startInternal(Connector.java:1084)
	at org.apache.catalina.util.LifecycleBase.start(LifecycleBase.java:183)
	at org.apache.catalina.core.StandardService.addConnector(StandardService.java:234)
	... 17 common frames omitted
Caused by: java.lang.IllegalArgumentException: D:\Lrl_0213\Project\AWSDemo\test\09\aws-infra\liu-station-spring\ssl\springboot.p12 (系统找不到指定的路径。)
	at org.apache.tomcat.util.net.AbstractJsseEndpoint.createSSLContext(AbstractJsseEndpoint.java:106)
	at org.apache.tomcat.util.net.AbstractJsseEndpoint.initialiseSsl(AbstractJsseEndpoint.java:70)
	at org.apache.tomcat.util.net.NioEndpoint.bind(NioEndpoint.java:206)
	at org.apache.tomcat.util.net.AbstractEndpoint.bindWithCleanup(AbstractEndpoint.java:1172)
	at org.apache.tomcat.util.net.AbstractEndpoint.start(AbstractEndpoint.java:1258)
	at org.apache.coyote.AbstractProtocol.start(AbstractProtocol.java:586)
	at org.apache.catalina.connector.Connector.startInternal(Connector.java:1081)
	... 19 common frames omitted
Caused by: java.io.FileNotFoundException: D:\Lrl_0213\Project\AWSDemo\test\09\aws-infra\liu-station-spring\ssl\springboot.p12 (系统找不到指定的路径。)
	at java.base/java.io.FileInputStream.open0(Native Method)
	at java.base/java.io.FileInputStream.open(FileInputStream.java:216)
	at java.base/java.io.FileInputStream.<init>(FileInputStream.java:157)
	at java.base/java.io.FileInputStream.<init>(FileInputStream.java:111)
	at java.base/sun.net.www.protocol.file.FileURLConnection.connect(FileURLConnection.java:86)
	at java.base/sun.net.www.protocol.file.FileURLConnection.getInputStream(FileURLConnection.java:189)
	at org.apache.catalina.startup.CatalinaBaseConfigurationSource.getResource(CatalinaBaseConfigurationSource.java:118)
	at org.apache.tomcat.util.net.SSLUtilBase.getStore(SSLUtilBase.java:199)
	at org.apache.tomcat.util.net.SSLHostConfigCertificate.getCertificateKeystore(SSLHostConfigCertificate.java:207)
	at org.apache.tomcat.util.net.SSLUtilBase.getKeyManagers(SSLUtilBase.java:283)
	at org.apache.tomcat.util.net.SSLUtilBase.createSSLContext(SSLUtilBase.java:247)
	at org.apache.tomcat.util.net.AbstractJsseEndpoint.createSSLContext(AbstractJsseEndpoint.java:104)
	... 25 common frames omitted
2023-04-17 05:38:33 - [main] INFO  c.l.l.LiuStationSpringApplication - Starting LiuStationSpringApplication using Java 17.0.6 with PID 24812 (D:\Lrl_0213\Project\AWSDemo\test\09\aws-infra\liu-station-spring\target\classes started by liuru in D:\Lrl_0213\Project\AWSDemo\test\09\aws-infra\liu-station-spring)
2023-04-17 05:38:33 - [main] INFO  c.l.l.LiuStationSpringApplication - No active profile set, falling back to 1 default profile: "default"
2023-04-17 05:38:33 - [main] INFO  o.s.d.r.c.RepositoryConfigurationDelegate - Bootstrapping Spring Data JPA repositories in DEFAULT mode.
2023-04-17 05:38:33 - [main] INFO  o.s.d.r.c.RepositoryConfigurationDelegate - Finished Spring Data repository scanning in 10 ms. Found 0 JPA repository interfaces.
2023-04-17 05:38:34 - [main] INFO  o.s.b.w.e.tomcat.TomcatWebServer - Tomcat initialized with port(s): 8443 (https)
2023-04-17 05:38:34 - [main] INFO  o.a.coyote.http11.Http11NioProtocol - Initializing ProtocolHandler ["https-jsse-nio-8443"]
2023-04-17 05:38:34 - [main] INFO  o.a.catalina.core.StandardService - Starting service [Tomcat]
2023-04-17 05:38:34 - [main] INFO  o.a.catalina.core.StandardEngine - Starting Servlet engine: [Apache Tomcat/10.1.5]
2023-04-17 05:38:34 - [main] INFO  o.a.c.c.C.[Tomcat].[localhost].[/] - Initializing Spring embedded WebApplicationContext
2023-04-17 05:38:34 - [main] INFO  o.s.b.w.s.c.ServletWebServerApplicationContext - Root WebApplicationContext: initialization completed in 799 ms
2023-04-17 05:38:34 - [main] INFO  com.zaxxer.hikari.HikariDataSource - HikariPool-1 - Starting...
2023-04-17 05:38:34 - [main] INFO  com.zaxxer.hikari.pool.HikariPool - HikariPool-1 - Added connection com.mysql.cj.jdbc.ConnectionImpl@3caee3a8
2023-04-17 05:38:34 - [main] INFO  com.zaxxer.hikari.HikariDataSource - HikariPool-1 - Start completed.
2023-04-17 05:38:34 - [main] INFO  o.h.jpa.internal.util.LogHelper - HHH000204: Processing PersistenceUnitInfo [name: default]
2023-04-17 05:38:34 - [main] INFO  org.hibernate.Version - HHH000412: Hibernate ORM core version 6.1.6.Final
2023-04-17 05:38:34 - [main] WARN  org.hibernate.orm.deprecation - HHH90000021: Encountered deprecated setting [javax.persistence.sharedCache.mode], use [jakarta.persistence.sharedCache.mode] instead
2023-04-17 05:38:34 - [main] INFO  SQL dialect - HHH000400: Using dialect: org.hibernate.dialect.MySQLDialect
2023-04-17 05:38:34 - [main] INFO  o.h.e.t.j.p.i.JtaPlatformInitiator - HHH000490: Using JtaPlatform implementation: [org.hibernate.engine.transaction.jta.platform.internal.NoJtaPlatform]
2023-04-17 05:38:34 - [main] INFO  o.s.o.j.LocalContainerEntityManagerFactoryBean - Initialized JPA EntityManagerFactory for persistence unit 'default'
2023-04-17 05:38:34 - [main] WARN  o.s.b.a.o.j.JpaBaseConfiguration$JpaWebConfiguration - spring.jpa.open-in-view is enabled by default. Therefore, database queries may be performed during view rendering. Explicitly configure spring.jpa.open-in-view to disable this warning
2023-04-17 05:38:35 - [main] INFO  o.a.coyote.http11.Http11NioProtocol - Starting ProtocolHandler ["https-jsse-nio-8443"]
2023-04-17 05:38:35 - [main] WARN  o.s.b.w.s.c.AnnotationConfigServletWebServerApplicationContext - Exception encountered during context initialization - cancelling refresh attempt: org.springframework.context.ApplicationContextException: Failed to start bean 'webServerStartStop'
2023-04-17 05:38:35 - [main] INFO  o.s.o.j.LocalContainerEntityManagerFactoryBean - Closing JPA EntityManagerFactory for persistence unit 'default'
2023-04-17 05:38:35 - [main] INFO  com.zaxxer.hikari.HikariDataSource - HikariPool-1 - Shutdown initiated...
2023-04-17 05:38:35 - [main] INFO  com.zaxxer.hikari.HikariDataSource - HikariPool-1 - Shutdown completed.
2023-04-17 05:38:35 - [main] INFO  o.a.coyote.http11.Http11NioProtocol - Pausing ProtocolHandler ["https-jsse-nio-8443"]
2023-04-17 05:38:35 - [main] INFO  o.a.catalina.core.StandardService - Stopping service [Tomcat]
2023-04-17 05:38:35 - [main] INFO  o.a.coyote.http11.Http11NioProtocol - Stopping ProtocolHandler ["https-jsse-nio-8443"]
2023-04-17 05:38:35 - [main] INFO  o.a.coyote.http11.Http11NioProtocol - Destroying ProtocolHandler ["https-jsse-nio-8443"]
2023-04-17 05:38:35 - [main] INFO  o.s.b.a.l.ConditionEvaluationReportLogger - 

Error starting ApplicationContext. To display the condition evaluation report re-run your application with 'debug' enabled.
2023-04-17 05:38:35 - [main] ERROR o.s.boot.SpringApplication - Application run failed
org.springframework.context.ApplicationContextException: Failed to start bean 'webServerStartStop'
	at org.springframework.context.support.DefaultLifecycleProcessor.doStart(DefaultLifecycleProcessor.java:181)
	at org.springframework.context.support.DefaultLifecycleProcessor$LifecycleGroup.start(DefaultLifecycleProcessor.java:356)
	at java.base/java.lang.Iterable.forEach(Iterable.java:75)
	at org.springframework.context.support.DefaultLifecycleProcessor.startBeans(DefaultLifecycleProcessor.java:155)
	at org.springframework.context.support.DefaultLifecycleProcessor.onRefresh(DefaultLifecycleProcessor.java:123)
	at org.springframework.context.support.AbstractApplicationContext.finishRefresh(AbstractApplicationContext.java:932)
	at org.springframework.context.support.AbstractApplicationContext.refresh(AbstractApplicationContext.java:587)
	at org.springframework.boot.web.servlet.context.ServletWebServerApplicationContext.refresh(ServletWebServerApplicationContext.java:146)
	at org.springframework.boot.SpringApplication.refresh(SpringApplication.java:730)
	at org.springframework.boot.SpringApplication.refreshContext(SpringApplication.java:432)
	at org.springframework.boot.SpringApplication.run(SpringApplication.java:308)
	at org.springframework.boot.SpringApplication.run(SpringApplication.java:1302)
	at org.springframework.boot.SpringApplication.run(SpringApplication.java:1291)
	at com.lrl.liustationspring.LiuStationSpringApplication.main(LiuStationSpringApplication.java:14)
Caused by: org.springframework.boot.web.server.WebServerException: Unable to start embedded Tomcat server
	at org.springframework.boot.web.embedded.tomcat.TomcatWebServer.start(TomcatWebServer.java:229)
	at org.springframework.boot.web.servlet.context.WebServerStartStopLifecycle.start(WebServerStartStopLifecycle.java:44)
	at org.springframework.context.support.DefaultLifecycleProcessor.doStart(DefaultLifecycleProcessor.java:178)
	... 13 common frames omitted
Caused by: java.lang.IllegalArgumentException: standardService.connector.startFailed
	at org.apache.catalina.core.StandardService.addConnector(StandardService.java:238)
	at org.springframework.boot.web.embedded.tomcat.TomcatWebServer.addPreviouslyRemovedConnectors(TomcatWebServer.java:282)
	at org.springframework.boot.web.embedded.tomcat.TomcatWebServer.start(TomcatWebServer.java:213)
	... 15 common frames omitted
Caused by: org.apache.catalina.LifecycleException: Protocol handler start failed
	at org.apache.catalina.connector.Connector.startInternal(Connector.java:1084)
	at org.apache.catalina.util.LifecycleBase.start(LifecycleBase.java:183)
	at org.apache.catalina.core.StandardService.addConnector(StandardService.java:234)
	... 17 common frames omitted
Caused by: java.lang.IllegalArgumentException: D:\Lrl_0213\Project\AWSDemo\test\09\aws-infra\liu-station-spring\.\ssl\springboot.p12 (系统找不到指定的路径。)
	at org.apache.tomcat.util.net.AbstractJsseEndpoint.createSSLContext(AbstractJsseEndpoint.java:106)
	at org.apache.tomcat.util.net.AbstractJsseEndpoint.initialiseSsl(AbstractJsseEndpoint.java:70)
	at org.apache.tomcat.util.net.NioEndpoint.bind(NioEndpoint.java:206)
	at org.apache.tomcat.util.net.AbstractEndpoint.bindWithCleanup(AbstractEndpoint.java:1172)
	at org.apache.tomcat.util.net.AbstractEndpoint.start(AbstractEndpoint.java:1258)
	at org.apache.coyote.AbstractProtocol.start(AbstractProtocol.java:586)
	at org.apache.catalina.connector.Connector.startInternal(Connector.java:1081)
	... 19 common frames omitted
Caused by: java.io.FileNotFoundException: D:\Lrl_0213\Project\AWSDemo\test\09\aws-infra\liu-station-spring\.\ssl\springboot.p12 (系统找不到指定的路径。)
	at java.base/java.io.FileInputStream.open0(Native Method)
	at java.base/java.io.FileInputStream.open(FileInputStream.java:216)
	at java.base/java.io.FileInputStream.<init>(FileInputStream.java:157)
	at java.base/java.io.FileInputStream.<init>(FileInputStream.java:111)
	at java.base/sun.net.www.protocol.file.FileURLConnection.connect(FileURLConnection.java:86)
	at java.base/sun.net.www.protocol.file.FileURLConnection.getInputStream(FileURLConnection.java:189)
	at org.apache.catalina.startup.CatalinaBaseConfigurationSource.getResource(CatalinaBaseConfigurationSource.java:118)
	at org.apache.tomcat.util.net.SSLUtilBase.getStore(SSLUtilBase.java:199)
	at org.apache.tomcat.util.net.SSLHostConfigCertificate.getCertificateKeystore(SSLHostConfigCertificate.java:207)
	at org.apache.tomcat.util.net.SSLUtilBase.getKeyManagers(SSLUtilBase.java:283)
	at org.apache.tomcat.util.net.SSLUtilBase.createSSLContext(SSLUtilBase.java:247)
	at org.apache.tomcat.util.net.AbstractJsseEndpoint.createSSLContext(AbstractJsseEndpoint.java:104)
	... 25 common frames omitted
2023-04-17 05:42:21 - [main] INFO  c.l.l.LiuStationSpringApplication - Starting LiuStationSpringApplication using Java 17.0.6 with PID 26112 (D:\Lrl_0213\Project\AWSDemo\test\09\aws-infra\liu-station-spring\target\classes started by liuru in D:\Lrl_0213\Project\AWSDemo\test\09\aws-infra\liu-station-spring)
2023-04-17 05:42:21 - [main] INFO  c.l.l.LiuStationSpringApplication - No active profile set, falling back to 1 default profile: "default"
2023-04-17 05:42:21 - [main] INFO  o.s.d.r.c.RepositoryConfigurationDelegate - Bootstrapping Spring Data JPA repositories in DEFAULT mode.
2023-04-17 05:42:21 - [main] INFO  o.s.d.r.c.RepositoryConfigurationDelegate - Finished Spring Data repository scanning in 10 ms. Found 0 JPA repository interfaces.
2023-04-17 05:42:21 - [main] WARN  o.s.b.w.s.c.AnnotationConfigServletWebServerApplicationContext - Exception encountered during context initialization - cancelling refresh attempt: org.springframework.context.ApplicationContextException: Unable to start web server
2023-04-17 05:42:21 - [main] INFO  o.s.b.a.l.ConditionEvaluationReportLogger - 

Error starting ApplicationContext. To display the condition evaluation report re-run your application with 'debug' enabled.
2023-04-17 05:42:21 - [main] ERROR o.s.boot.SpringApplication - Application run failed
org.springframework.context.ApplicationContextException: Unable to start web server
	at org.springframework.boot.web.servlet.context.ServletWebServerApplicationContext.onRefresh(ServletWebServerApplicationContext.java:164)
	at org.springframework.context.support.AbstractApplicationContext.refresh(AbstractApplicationContext.java:578)
	at org.springframework.boot.web.servlet.context.ServletWebServerApplicationContext.refresh(ServletWebServerApplicationContext.java:146)
	at org.springframework.boot.SpringApplication.refresh(SpringApplication.java:730)
	at org.springframework.boot.SpringApplication.refreshContext(SpringApplication.java:432)
	at org.springframework.boot.SpringApplication.run(SpringApplication.java:308)
	at org.springframework.boot.SpringApplication.run(SpringApplication.java:1302)
	at org.springframework.boot.SpringApplication.run(SpringApplication.java:1291)
	at com.lrl.liustationspring.LiuStationSpringApplication.main(LiuStationSpringApplication.java:14)
Caused by: org.springframework.boot.web.server.WebServerException: Could not load store: Error reading certificate from 'classpath:c.crt' : class path resource [c.crt] cannot be resolved to URL because it does not exist
	at org.springframework.boot.web.embedded.tomcat.SslConnectorCustomizer.configureSslStoreProvider(SslConnectorCustomizer.java:138)
	at org.springframework.boot.web.embedded.tomcat.SslConnectorCustomizer.configureSsl(SslConnectorCustomizer.java:96)
	at org.springframework.boot.web.embedded.tomcat.SslConnectorCustomizer.customize(SslConnectorCustomizer.java:61)
	at org.springframework.boot.web.embedded.tomcat.TomcatServletWebServerFactory.customizeSsl(TomcatServletWebServerFactory.java:364)
	at org.springframework.boot.web.embedded.tomcat.TomcatServletWebServerFactory.customizeConnector(TomcatServletWebServerFactory.java:342)
	at org.springframework.boot.web.embedded.tomcat.TomcatServletWebServerFactory.getWebServer(TomcatServletWebServerFactory.java:202)
	at org.springframework.boot.web.servlet.context.ServletWebServerApplicationContext.createWebServer(ServletWebServerApplicationContext.java:183)
	at org.springframework.boot.web.servlet.context.ServletWebServerApplicationContext.onRefresh(ServletWebServerApplicationContext.java:161)
	... 8 common frames omitted
Caused by: java.lang.IllegalStateException: Error reading certificate from 'classpath:c.crt' : class path resource [c.crt] cannot be resolved to URL because it does not exist
	at org.springframework.boot.web.server.CertificateParser.readCertificates(CertificateParser.java:92)
	at org.springframework.boot.web.server.CertificateParser.parse(CertificateParser.java:64)
	at org.springframework.boot.web.server.CertificateFileSslStoreProvider.createKeyStore(CertificateFileSslStoreProvider.java:82)
	at org.springframework.boot.web.server.CertificateFileSslStoreProvider.getKeyStore(CertificateFileSslStoreProvider.java:51)
	at org.springframework.boot.web.embedded.tomcat.SslConnectorCustomizer.configureSslStoreProvider(SslConnectorCustomizer.java:130)
	... 15 common frames omitted
Caused by: java.io.FileNotFoundException: class path resource [c.crt] cannot be resolved to URL because it does not exist
	at org.springframework.util.ResourceUtils.getURL(ResourceUtils.java:137)
	at org.springframework.boot.web.server.CertificateParser.readText(CertificateParser.java:98)
	at org.springframework.boot.web.server.CertificateParser.readCertificates(CertificateParser.java:80)
	... 19 common frames omitted
2023-04-17 05:42:41 - [main] INFO  c.l.l.LiuStationSpringApplication - Starting LiuStationSpringApplication using Java 17.0.6 with PID 26448 (D:\Lrl_0213\Project\AWSDemo\test\09\aws-infra\liu-station-spring\target\classes started by liuru in D:\Lrl_0213\Project\AWSDemo\test\09\aws-infra\liu-station-spring)
2023-04-17 05:42:41 - [main] INFO  c.l.l.LiuStationSpringApplication - No active profile set, falling back to 1 default profile: "default"
2023-04-17 05:42:41 - [main] INFO  o.s.d.r.c.RepositoryConfigurationDelegate - Bootstrapping Spring Data JPA repositories in DEFAULT mode.
2023-04-17 05:42:41 - [main] INFO  o.s.d.r.c.RepositoryConfigurationDelegate - Finished Spring Data repository scanning in 10 ms. Found 0 JPA repository interfaces.
2023-04-17 05:42:42 - [main] WARN  o.s.b.w.s.c.AnnotationConfigServletWebServerApplicationContext - Exception encountered during context initialization - cancelling refresh attempt: org.springframework.context.ApplicationContextException: Unable to start web server
2023-04-17 05:42:42 - [main] INFO  o.s.b.a.l.ConditionEvaluationReportLogger - 

Error starting ApplicationContext. To display the condition evaluation report re-run your application with 'debug' enabled.
2023-04-17 05:42:42 - [main] ERROR o.s.boot.SpringApplication - Application run failed
org.springframework.context.ApplicationContextException: Unable to start web server
	at org.springframework.boot.web.servlet.context.ServletWebServerApplicationContext.onRefresh(ServletWebServerApplicationContext.java:164)
	at org.springframework.context.support.AbstractApplicationContext.refresh(AbstractApplicationContext.java:578)
	at org.springframework.boot.web.servlet.context.ServletWebServerApplicationContext.refresh(ServletWebServerApplicationContext.java:146)
	at org.springframework.boot.SpringApplication.refresh(SpringApplication.java:730)
	at org.springframework.boot.SpringApplication.refreshContext(SpringApplication.java:432)
	at org.springframework.boot.SpringApplication.run(SpringApplication.java:308)
	at org.springframework.boot.SpringApplication.run(SpringApplication.java:1302)
	at org.springframework.boot.SpringApplication.run(SpringApplication.java:1291)
	at com.lrl.liustationspring.LiuStationSpringApplication.main(LiuStationSpringApplication.java:14)
Caused by: org.springframework.boot.web.server.WebServerException: Could not load store: Error reading certificate from 'classpath:c.crt' : class path resource [c.crt] cannot be resolved to URL because it does not exist
	at org.springframework.boot.web.embedded.tomcat.SslConnectorCustomizer.configureSslStoreProvider(SslConnectorCustomizer.java:138)
	at org.springframework.boot.web.embedded.tomcat.SslConnectorCustomizer.configureSsl(SslConnectorCustomizer.java:96)
	at org.springframework.boot.web.embedded.tomcat.SslConnectorCustomizer.customize(SslConnectorCustomizer.java:61)
	at org.springframework.boot.web.embedded.tomcat.TomcatServletWebServerFactory.customizeSsl(TomcatServletWebServerFactory.java:364)
	at org.springframework.boot.web.embedded.tomcat.TomcatServletWebServerFactory.customizeConnector(TomcatServletWebServerFactory.java:342)
	at org.springframework.boot.web.embedded.tomcat.TomcatServletWebServerFactory.getWebServer(TomcatServletWebServerFactory.java:202)
	at org.springframework.boot.web.servlet.context.ServletWebServerApplicationContext.createWebServer(ServletWebServerApplicationContext.java:183)
	at org.springframework.boot.web.servlet.context.ServletWebServerApplicationContext.onRefresh(ServletWebServerApplicationContext.java:161)
	... 8 common frames omitted
Caused by: java.lang.IllegalStateException: Error reading certificate from 'classpath:c.crt' : class path resource [c.crt] cannot be resolved to URL because it does not exist
	at org.springframework.boot.web.server.CertificateParser.readCertificates(CertificateParser.java:92)
	at org.springframework.boot.web.server.CertificateParser.parse(CertificateParser.java:64)
	at org.springframework.boot.web.server.CertificateFileSslStoreProvider.createKeyStore(CertificateFileSslStoreProvider.java:82)
	at org.springframework.boot.web.server.CertificateFileSslStoreProvider.getKeyStore(CertificateFileSslStoreProvider.java:51)
	at org.springframework.boot.web.embedded.tomcat.SslConnectorCustomizer.configureSslStoreProvider(SslConnectorCustomizer.java:130)
	... 15 common frames omitted
Caused by: java.io.FileNotFoundException: class path resource [c.crt] cannot be resolved to URL because it does not exist
	at org.springframework.util.ResourceUtils.getURL(ResourceUtils.java:137)
	at org.springframework.boot.web.server.CertificateParser.readText(CertificateParser.java:98)
	at org.springframework.boot.web.server.CertificateParser.readCertificates(CertificateParser.java:80)
	... 19 common frames omitted
2023-04-17 05:43:12 - [main] INFO  c.l.l.LiuStationSpringApplication - Starting LiuStationSpringApplication using Java 17.0.6 with PID 22452 (D:\Lrl_0213\Project\AWSDemo\test\09\aws-infra\liu-station-spring\target\classes started by liuru in D:\Lrl_0213\Project\AWSDemo\test\09\aws-infra\liu-station-spring)
2023-04-17 05:43:12 - [main] INFO  c.l.l.LiuStationSpringApplication - No active profile set, falling back to 1 default profile: "default"
2023-04-17 05:43:12 - [main] INFO  o.s.d.r.c.RepositoryConfigurationDelegate - Bootstrapping Spring Data JPA repositories in DEFAULT mode.
2023-04-17 05:43:12 - [main] INFO  o.s.d.r.c.RepositoryConfigurationDelegate - Finished Spring Data repository scanning in 10 ms. Found 0 JPA repository interfaces.
2023-04-17 05:43:13 - [main] WARN  o.s.b.w.s.c.AnnotationConfigServletWebServerApplicationContext - Exception encountered during context initialization - cancelling refresh attempt: org.springframework.context.ApplicationContextException: Unable to start web server
2023-04-17 05:43:13 - [main] INFO  o.s.b.a.l.ConditionEvaluationReportLogger - 

Error starting ApplicationContext. To display the condition evaluation report re-run your application with 'debug' enabled.
2023-04-17 05:43:13 - [main] ERROR o.s.boot.SpringApplication - Application run failed
org.springframework.context.ApplicationContextException: Unable to start web server
	at org.springframework.boot.web.servlet.context.ServletWebServerApplicationContext.onRefresh(ServletWebServerApplicationContext.java:164)
	at org.springframework.context.support.AbstractApplicationContext.refresh(AbstractApplicationContext.java:578)
	at org.springframework.boot.web.servlet.context.ServletWebServerApplicationContext.refresh(ServletWebServerApplicationContext.java:146)
	at org.springframework.boot.SpringApplication.refresh(SpringApplication.java:730)
	at org.springframework.boot.SpringApplication.refreshContext(SpringApplication.java:432)
	at org.springframework.boot.SpringApplication.run(SpringApplication.java:308)
	at org.springframework.boot.SpringApplication.run(SpringApplication.java:1302)
	at org.springframework.boot.SpringApplication.run(SpringApplication.java:1291)
	at com.lrl.liustationspring.LiuStationSpringApplication.main(LiuStationSpringApplication.java:14)
Caused by: org.springframework.boot.web.server.WebServerException: Could not load store: Error reading certificate from 'ssl/c.crt' : D:\Lrl_0213\Project\AWSDemo\test\09\aws-infra\liu-station-spring\ssl\c.crt (系统找不到指定的路径。)
	at org.springframework.boot.web.embedded.tomcat.SslConnectorCustomizer.configureSslStoreProvider(SslConnectorCustomizer.java:138)
	at org.springframework.boot.web.embedded.tomcat.SslConnectorCustomizer.configureSsl(SslConnectorCustomizer.java:96)
	at org.springframework.boot.web.embedded.tomcat.SslConnectorCustomizer.customize(SslConnectorCustomizer.java:61)
	at org.springframework.boot.web.embedded.tomcat.TomcatServletWebServerFactory.customizeSsl(TomcatServletWebServerFactory.java:364)
	at org.springframework.boot.web.embedded.tomcat.TomcatServletWebServerFactory.customizeConnector(TomcatServletWebServerFactory.java:342)
	at org.springframework.boot.web.embedded.tomcat.TomcatServletWebServerFactory.getWebServer(TomcatServletWebServerFactory.java:202)
	at org.springframework.boot.web.servlet.context.ServletWebServerApplicationContext.createWebServer(ServletWebServerApplicationContext.java:183)
	at org.springframework.boot.web.servlet.context.ServletWebServerApplicationContext.onRefresh(ServletWebServerApplicationContext.java:161)
	... 8 common frames omitted
Caused by: java.lang.IllegalStateException: Error reading certificate from 'ssl/c.crt' : D:\Lrl_0213\Project\AWSDemo\test\09\aws-infra\liu-station-spring\ssl\c.crt (系统找不到指定的路径。)
	at org.springframework.boot.web.server.CertificateParser.readCertificates(CertificateParser.java:92)
	at org.springframework.boot.web.server.CertificateParser.parse(CertificateParser.java:64)
	at org.springframework.boot.web.server.CertificateFileSslStoreProvider.createKeyStore(CertificateFileSslStoreProvider.java:82)
	at org.springframework.boot.web.server.CertificateFileSslStoreProvider.getKeyStore(CertificateFileSslStoreProvider.java:51)
	at org.springframework.boot.web.embedded.tomcat.SslConnectorCustomizer.configureSslStoreProvider(SslConnectorCustomizer.java:130)
	... 15 common frames omitted
Caused by: java.io.FileNotFoundException: D:\Lrl_0213\Project\AWSDemo\test\09\aws-infra\liu-station-spring\ssl\c.crt (系统找不到指定的路径。)
	at java.base/java.io.FileInputStream.open0(Native Method)
	at java.base/java.io.FileInputStream.open(FileInputStream.java:216)
	at java.base/java.io.FileInputStream.<init>(FileInputStream.java:157)
	at java.base/java.io.FileInputStream.<init>(FileInputStream.java:111)
	at java.base/sun.net.www.protocol.file.FileURLConnection.connect(FileURLConnection.java:86)
	at java.base/sun.net.www.protocol.file.FileURLConnection.getInputStream(FileURLConnection.java:189)
	at java.base/java.net.URL.openStream(URL.java:1161)
	at org.springframework.boot.web.server.CertificateParser.readText(CertificateParser.java:99)
	at org.springframework.boot.web.server.CertificateParser.readCertificates(CertificateParser.java:80)
	... 19 common frames omitted
2023-04-17 05:44:28 - [main] INFO  c.l.l.LiuStationSpringApplication - Starting LiuStationSpringApplication using Java 17.0.6 with PID 24208 (D:\Lrl_0213\Project\AWSDemo\test\09\aws-infra\liu-station-spring\target\classes started by liuru in D:\Lrl_0213\Project\AWSDemo\test\09\aws-infra\liu-station-spring)
2023-04-17 05:44:28 - [main] INFO  c.l.l.LiuStationSpringApplication - No active profile set, falling back to 1 default profile: "default"
2023-04-17 05:44:29 - [main] INFO  o.s.d.r.c.RepositoryConfigurationDelegate - Bootstrapping Spring Data JPA repositories in DEFAULT mode.
2023-04-17 05:44:29 - [main] INFO  o.s.d.r.c.RepositoryConfigurationDelegate - Finished Spring Data repository scanning in 10 ms. Found 0 JPA repository interfaces.
2023-04-17 05:44:29 - [main] WARN  o.s.b.w.s.c.AnnotationConfigServletWebServerApplicationContext - Exception encountered during context initialization - cancelling refresh attempt: org.springframework.context.ApplicationContextException: Unable to start web server
2023-04-17 05:44:29 - [main] INFO  o.s.b.a.l.ConditionEvaluationReportLogger - 

Error starting ApplicationContext. To display the condition evaluation report re-run your application with 'debug' enabled.
2023-04-17 05:44:29 - [main] ERROR o.s.boot.SpringApplication - Application run failed
org.springframework.context.ApplicationContextException: Unable to start web server
	at org.springframework.boot.web.servlet.context.ServletWebServerApplicationContext.onRefresh(ServletWebServerApplicationContext.java:164)
	at org.springframework.context.support.AbstractApplicationContext.refresh(AbstractApplicationContext.java:578)
	at org.springframework.boot.web.servlet.context.ServletWebServerApplicationContext.refresh(ServletWebServerApplicationContext.java:146)
	at org.springframework.boot.SpringApplication.refresh(SpringApplication.java:730)
	at org.springframework.boot.SpringApplication.refreshContext(SpringApplication.java:432)
	at org.springframework.boot.SpringApplication.run(SpringApplication.java:308)
	at org.springframework.boot.SpringApplication.run(SpringApplication.java:1302)
	at org.springframework.boot.SpringApplication.run(SpringApplication.java:1291)
	at com.lrl.liustationspring.LiuStationSpringApplication.main(LiuStationSpringApplication.java:14)
Caused by: org.springframework.boot.web.server.WebServerException: Could not load store: Private key must be accompanied by certificate chain
	at org.springframework.boot.web.embedded.tomcat.SslConnectorCustomizer.configureSslStoreProvider(SslConnectorCustomizer.java:138)
	at org.springframework.boot.web.embedded.tomcat.SslConnectorCustomizer.configureSsl(SslConnectorCustomizer.java:96)
	at org.springframework.boot.web.embedded.tomcat.SslConnectorCustomizer.customize(SslConnectorCustomizer.java:61)
	at org.springframework.boot.web.embedded.tomcat.TomcatServletWebServerFactory.customizeSsl(TomcatServletWebServerFactory.java:364)
	at org.springframework.boot.web.embedded.tomcat.TomcatServletWebServerFactory.customizeConnector(TomcatServletWebServerFactory.java:342)
	at org.springframework.boot.web.embedded.tomcat.TomcatServletWebServerFactory.getWebServer(TomcatServletWebServerFactory.java:202)
	at org.springframework.boot.web.servlet.context.ServletWebServerApplicationContext.createWebServer(ServletWebServerApplicationContext.java:183)
	at org.springframework.boot.web.servlet.context.ServletWebServerApplicationContext.onRefresh(ServletWebServerApplicationContext.java:161)
	... 8 common frames omitted
Caused by: java.lang.IllegalArgumentException: Private key must be accompanied by certificate chain
	at java.base/java.security.KeyStore.setKeyEntry(KeyStore.java:1163)
	at org.springframework.boot.web.server.CertificateFileSslStoreProvider.addCertificates(CertificateFileSslStoreProvider.java:101)
	at org.springframework.boot.web.server.CertificateFileSslStoreProvider.createKeyStore(CertificateFileSslStoreProvider.java:85)
	at org.springframework.boot.web.server.CertificateFileSslStoreProvider.getKeyStore(CertificateFileSslStoreProvider.java:51)
	at org.springframework.boot.web.embedded.tomcat.SslConnectorCustomizer.configureSslStoreProvider(SslConnectorCustomizer.java:130)
	... 15 common frames omitted
